<?xml version="1.0" encoding="UTF-8"?>
<testng-results skipped="0" failed="0" ignored="0" total="1" passed="1">
  <reporter-output>
  </reporter-output>
  <suite name="Default suite" duration-ms="28579" started-at="2021-07-08T15:45:57Z" finished-at="2021-07-08T15:46:26Z">
    <groups>
    </groups>
    <test name="Default test" duration-ms="28579" started-at="2021-07-08T15:45:57Z" finished-at="2021-07-08T15:46:26Z">
      <class name="testcases.EAapp_Homepage">
        <test-method status="PASS" signature="setAppium()[pri:0, instance:testcases.EAapp_Homepage@3abbfa04]" name="setAppium" is-config="true" duration-ms="24479" started-at="2021-07-08T15:45:57Z" finished-at="2021-07-08T15:46:22Z">
          <reporter-output>
          </reporter-output>
        </test-method> <!-- setAppium -->
        <test-method status="PASS" signature="homepage()[pri:0, instance:testcases.EAapp_Homepage@3abbfa04]" name="homepage" duration-ms="3380" started-at="2021-07-08T15:46:22Z" finished-at="2021-07-08T15:46:25Z">
          <reporter-output>
          </reporter-output>
        </test-method> <!-- homepage -->
        <test-method status="PASS" signature="teardown()[pri:0, instance:testcases.EAapp_Homepage@3abbfa04]" name="teardown" is-config="true" duration-ms="644" started-at="2021-07-08T15:46:25Z" finished-at="2021-07-08T15:46:26Z">
          <reporter-output>
          </reporter-output>
        </test-method> <!-- teardown -->
      </class> <!-- testcases.EAapp_Homepage -->
    </test> <!-- Default test -->
  </suite> <!-- Default suite -->
</testng-results>
